
2018-08-27 14:19:08
登録ユーザへのメール送信失敗
管理者へのメール送信失敗
2018-08-27 14:26:09
登録ユーザへのメール送信失敗
管理者へのメール送信失敗
2018-08-27 14:33:33
登録ユーザへのメール送信失敗
管理者へのメール送信失敗
2018-08-27 14:38:41
2018-08-27 14:39:02
登録ユーザへのメール送信失敗
管理者へのメール送信失敗
2018-08-27 14:45:34
【問い合わせ】ユーザへの自動メール送信失敗
【問い合わせ】管理者への連絡メール送信失敗
2018-08-27 14:52:01
【問い合わせ】ユーザへの自動メール送信失敗
【問い合わせ】管理者への連絡メール送信失敗
2018-08-27 15:41:23
【問い合わせ】ユーザへの自動メール送信失敗
【問い合わせ】管理者への連絡メール送信失敗
2018-08-27 15:41:25
【問い合わせ】ユーザへの自動メール送信失敗
【問い合わせ】管理者への連絡メール送信失敗
2018-08-27 16:36:36
【問い合わせ】ユーザへの自動メール送信失敗
【問い合わせ】管理者への連絡メール送信失敗
2018-08-27 16:39:34
【問い合わせ】ユーザへの自動メール送信失敗
【問い合わせ】管理者への連絡メール送信失敗
2018-08-27 16:43:44
2018-08-27 16:43:51
【新規登録】ユーザへの自動メール送信失敗
【新規登録】管理者への登録連絡メール送信失敗
2018-08-27 16:45:20
2018-08-27 16:45:21
2018-08-27 16:46:22
2018-08-27 16:46:26
【新規登録】ユーザへの自動メール送信失敗
【新規登録】管理者への登録連絡メール送信失敗
2018-08-27 16:49:25
2018-08-27 16:49:29
【新規登録】ユーザへの自動メール送信失敗
【新規登録】管理者への登録連絡メール送信失敗
2018-08-27 16:50:27
2018-08-27 16:50:32
【新規登録】ユーザへの自動メール送信失敗
【新規登録】管理者への登録連絡メール送信失敗
2018-08-27 16:51:11
2018-08-27 16:51:14
2018-08-27 16:52:10
2018-08-27 16:52:15
【新規登録】ユーザへの自動メール送信失敗
【新規登録】管理者への登録連絡メール送信失敗
2018-08-27 16:53:49
【新規登録】ユーザへの自動メール送信失敗
【新規登録】管理者への登録連絡メール送信失敗
2018-08-27 16:54:37
2018-08-27 16:54:42
【新規登録】ユーザへの自動メール送信失敗
【新規登録】管理者への登録連絡メール送信失敗
2018-08-27 17:03:17
【新規登録】ユーザへの自動メール送信失敗
【新規登録】管理者への登録連絡メール送信失敗
2018-08-27 17:05:42
2018-08-27 17:05:46
【新規登録】ユーザへの自動メール送信失敗
【新規登録】管理者への登録連絡メール送信失敗
2018-08-27 17:08:30
2018-08-27 17:08:32
2018-08-27 17:08:55
2018-08-27 17:08:56
2018-08-27 17:13:31
【新規登録】ユーザへの自動メール送信失敗
【新規登録】管理者への登録連絡メール送信失敗
2018-08-27 17:15:00
【問い合わせ】ユーザへの自動メール送信失敗
【問い合わせ】管理者への連絡メール送信失敗